<?xml version="1.0" encoding="UTF-8"?>
<!-- Generated by org.testng.reporters.JUnitReportReporter -->
<testsuite hostname="DESKTOP-MCF4SQC" failures="0" tests="1" name="com.testNGChallanges.BasicAnnotation" time="0.005" errors="0" timestamp="14 May 2023 10:03:32 GMT" skipped="0">
  <testcase classname="com.testNGChallanges.BasicAnnotation" name="getTest" time="0.005"/>
</testsuite> <!-- com.testNGChallanges.BasicAnnotation -->
