<?xml version="1.0" encoding="UTF-8"?>
<!-- Generated by org.testng.reporters.JUnitReportReporter -->
<testsuite hostname="DESKTOP-MCF4SQC" failures="0" tests="10" name="com.testNGChallanges.SameTestCasesRunMultipleTimes" time="0.018" errors="0" timestamp="14 May 2023 10:56:58 GMT" skipped="0">
  <testcase classname="com.testNGChallanges.SameTestCasesRunMultipleTimes" name="getMethod" time="0.002"/>
  <testcase classname="com.testNGChallanges.SameTestCasesRunMultipleTimes" name="getMethod" time="0.001"/>
  <testcase classname="com.testNGChallanges.SameTestCasesRunMultipleTimes" name="getMethod" time="0.000"/>
  <testcase classname="com.testNGChallanges.SameTestCasesRunMultipleTimes" name="getMethod" time="0.002"/>
  <testcase classname="com.testNGChallanges.SameTestCasesRunMultipleTimes" name="getMethod" time="0.011"/>
  <testcase classname="com.testNGChallanges.SameTestCasesRunMultipleTimes" name="getMethod" time="0.000"/>
  <testcase classname="com.testNGChallanges.SameTestCasesRunMultipleTimes" name="getMethod" time="0.001"/>
  <testcase classname="com.testNGChallanges.SameTestCasesRunMultipleTimes" name="getMethod" time="0.000"/>
  <testcase classname="com.testNGChallanges.SameTestCasesRunMultipleTimes" name="getMethod" time="0.001"/>
  <testcase classname="com.testNGChallanges.SameTestCasesRunMultipleTimes" name="getMethod" time="0.000"/>
</testsuite> <!-- com.testNGChallanges.SameTestCasesRunMultipleTimes -->
