<?xml version="1.0" encoding="UTF-8"?>
<!-- Generated by org.testng.reporters.JUnitReportReporter -->
<testsuite hostname="DESKTOP-MCF4SQC" failures="0" tests="3" name="com.testNGChallanges.DependsOnMenthod" time="0.010" errors="0" timestamp="14 May 2023 11:18:35 GMT" skipped="0">
  <testcase classname="com.testNGChallanges.DependsOnMenthod" name="getOpenBrowser" time="0.008"/>
  <testcase classname="com.testNGChallanges.DependsOnMenthod" name="getLogin" time="0.001"/>
  <testcase classname="com.testNGChallanges.DependsOnMenthod" name="getCloseBrowser" time="0.001"/>
</testsuite> <!-- com.testNGChallanges.DependsOnMenthod -->
