<?xml version="1.0" encoding="UTF-8"?>
<!-- Generated by org.testng.reporters.JUnitReportReporter -->
<testsuite hostname="DESKTOP-MCF4SQC" failures="0" tests="5" name="com.testNGChallanges.PriorityTest" time="0.011" errors="0" timestamp="14 May 2023 10:31:23 GMT" skipped="0">
  <testcase classname="com.testNGChallanges.PriorityTest" name="getMethod5" time="0.009"/>
  <testcase classname="com.testNGChallanges.PriorityTest" name="getMethod4" time="0.001"/>
  <testcase classname="com.testNGChallanges.PriorityTest" name="getMethod1" time="0.001"/>
  <testcase classname="com.testNGChallanges.PriorityTest" name="getMethod2" time="0.000"/>
  <testcase classname="com.testNGChallanges.PriorityTest" name="getMethod3" time="0.000"/>
</testsuite> <!-- com.testNGChallanges.PriorityTest -->
