<?xml version="1.0" encoding="UTF-8"?>
<!-- Generated by org.testng.reporters.JUnitReportReporter -->
<testsuite hostname="DESKTOP-MCF4SQC" failures="0" tests="4" name="com.testNGChallanges.TestDataProvider" time="31.174" errors="0" timestamp="17 May 2023 02:48:38 GMT" skipped="0">
  <testcase classname="com.testNGChallanges.TestDataProvider" name="getLogin" time="5.929"/>
  <testcase classname="com.testNGChallanges.TestDataProvider" name="getLogin" time="9.610"/>
  <testcase classname="com.testNGChallanges.TestDataProvider" name="getLogin" time="10.088"/>
  <testcase classname="com.testNGChallanges.TestDataProvider" name="getLogin" time="5.547"/>
</testsuite> <!-- com.testNGChallanges.TestDataProvider -->
