<?xml version="1.0" encoding="UTF-8"?>
<!-- Generated by org.testng.reporters.JUnitReportReporter -->
<testsuite hostname="DESKTOP-MCF4SQC" failures="0" tests="2" name="com.testNGChallanges.FailedTestCases" time="0.009" errors="0" timestamp="17 May 2023 03:29:10 GMT" skipped="0">
  <testcase classname="com.testNGChallanges.FailedTestCases" name="getTestFive" time="0.001"/>
  <testcase classname="com.testNGChallanges.FailedTestCases" name="getTestOne" time="0.008"/>
</testsuite> <!-- com.testNGChallanges.FailedTestCases -->
