<?xml version="1.0" encoding="UTF-8"?>
<!-- Generated by org.testng.reporters.JUnitReportReporter -->
<testsuite hostname="DESKTOP-MCF4SQC" failures="0" tests="1" name="smarttech.ny.myrunner.TestRunner" time="3.561" errors="0" timestamp="16 May 2023 03:18:39 GMT" skipped="0">
  <testcase classname="smarttech.ny.myrunner.TestRunner" name="runScenario" time="3.561"/>
</testsuite> <!-- smarttech.ny.myrunner.TestRunner -->
