<?xml version="1.0" encoding="UTF-8"?>
<!-- Generated by org.testng.reporters.JUnitReportReporter -->
<testsuite hostname="DESKTOP-MCF4SQC" failures="0" tests="5" name="com.testNGChallanges.EnableTrueFalse" time="0.011" errors="0" timestamp="14 May 2023 10:43:51 GMT" skipped="2">
  <testcase classname="com.testNGChallanges.EnableTrueFalse" name="getMethod5" time="0.001"/>
  <testcase classname="com.testNGChallanges.EnableTrueFalse" name="getMethod2" time="0.001"/>
  <testcase classname="com.testNGChallanges.EnableTrueFalse" name="getMethod1" time="0.009"/>
  <testcase classname="com.testNGChallanges.EnableTrueFalse" name="getMethod4">
    <skipped/>
  </testcase> <!-- getMethod4 -->
  <testcase classname="com.testNGChallanges.EnableTrueFalse" name="getMethod3">
    <skipped/>
  </testcase> <!-- getMethod3 -->
</testsuite> <!-- com.testNGChallanges.EnableTrueFalse -->
